

Version:	3.50
CmdLine:	C:\JavaProjects\ParentalControl\target\ParentalControl.exe --l4j-debug
JNI:		No
WOW64:		Yes
Working dir:	C:\JavaProjects\ParentalControl\target\.
Requires JDK:	No
Requires 64-Bit: No
Java min ver:	1.017.000
Java max ver:	
JRE paths:	.\jre
Check launcher:	C:\JavaProjects\ParentalControl\target\.\jre\bin\javaw.exe (OK)
Cannot create process "C:\JavaProjects\ParentalControl\target\.\jre\bin\javaw.exe" -version
Cannot run java(w) -version
64-bit search:	SOFTWARE\JavaSoft\Java Runtime Environment...
32-bit search:	SOFTWARE\JavaSoft\Java Runtime Environment...
64-bit search:	SOFTWARE\JavaSoft\Java Development Kit...
32-bit search:	SOFTWARE\JavaSoft\Java Development Kit...
64-bit search:	SOFTWARE\JavaSoft\JRE...
32-bit search:	SOFTWARE\JavaSoft\JRE...
64-bit search:	SOFTWARE\JavaSoft\JDK...
Check:		SOFTWARE\JavaSoft\JDK\21.0.7
Version string: 1.021.000_007 / 64-Bit (OK)
Check launcher:	C:\Program Files\Java\jdk-21\bin\javaw.exe (OK)
Match:		1.021.000_007
Runtime used:	1.021.000_007 (64-bit)
Launcher:	C:\Program Files\Java\jdk-21\bin\javaw.exe
Launcher args:	-jar "C:\JavaProjects\ParentalControl\target\ParentalControl.exe"
Args length:	65/32768 chars
Exit code:	0


Version:	3.50
CmdLine:	C:\JavaProjects\ParentalControl\target\ParentalControl.exe --l4j-debug
JNI:		No
WOW64:		Yes
Working dir:	C:\JavaProjects\ParentalControl\target\.
Requires JDK:	No
Requires 64-Bit: No
Java min ver:	1.017.000
Java max ver:	
JRE paths:	.\jre
Check launcher:	C:\JavaProjects\ParentalControl\target\.\jre\bin\javaw.exe (OK)
Cannot create process "C:\JavaProjects\ParentalControl\target\.\jre\bin\javaw.exe" -version
Cannot run java(w) -version
64-bit search:	SOFTWARE\JavaSoft\Java Runtime Environment...
32-bit search:	SOFTWARE\JavaSoft\Java Runtime Environment...
64-bit search:	SOFTWARE\JavaSoft\Java Development Kit...
32-bit search:	SOFTWARE\JavaSoft\Java Development Kit...
64-bit search:	SOFTWARE\JavaSoft\JRE...
32-bit search:	SOFTWARE\JavaSoft\JRE...
64-bit search:	SOFTWARE\JavaSoft\JDK...
Check:		SOFTWARE\JavaSoft\JDK\21.0.7
Version string: 1.021.000_007 / 64-Bit (OK)
Check launcher:	C:\Program Files\Java\jdk-21\bin\javaw.exe (OK)
Match:		1.021.000_007
Runtime used:	1.021.000_007 (64-bit)
Launcher:	C:\Program Files\Java\jdk-21\bin\javaw.exe
Launcher args:	-jar "C:\JavaProjects\ParentalControl\target\ParentalControl.exe"
Args length:	65/32768 chars
Exit code:	0
